mode: set
github.com/xenitab/terraform-provider-git/main.go:16.13,21.16 3 0
github.com/xenitab/terraform-provider-git/main.go:21.16,23.3 1 0
github.com/xenitab/terraform-provider-git/internal/framework/validators/validators.go:15.69,17.2 1 0
github.com/xenitab/terraform-provider-git/internal/framework/validators/validators.go:19.77,21.2 1 0
github.com/xenitab/terraform-provider-git/internal/framework/validators/validators.go:23.126,24.61 1 0
github.com/xenitab/terraform-provider-git/internal/framework/validators/validators.go:24.61,26.3 1 0
github.com/xenitab/terraform-provider-git/internal/framework/validators/validators.go:27.2,28.16 2 0
github.com/xenitab/terraform-provider-git/internal/framework/validators/validators.go:28.16,31.3 2 0
github.com/xenitab/terraform-provider-git/internal/framework/validators/validators.go:32.2,32.30 1 0
github.com/xenitab/terraform-provider-git/internal/framework/validators/validators.go:32.30,33.20 1 0
github.com/xenitab/terraform-provider-git/internal/framework/validators/validators.go:33.20,35.4 1 0
github.com/xenitab/terraform-provider-git/internal/framework/validators/validators.go:37.2,41.3 1 0
github.com/xenitab/terraform-provider-git/internal/framework/validators/validators.go:44.52,46.2 1 0
github.com/xenitab/terraform-provider-git/internal/framework/validators/validators.go:52.71,54.2 1 0
github.com/xenitab/terraform-provider-git/internal/framework/validators/validators.go:56.79,58.2 1 0
github.com/xenitab/terraform-provider-git/internal/framework/validators/validators.go:60.119,61.61 1 0
github.com/xenitab/terraform-provider-git/internal/framework/validators/validators.go:61.61,63.3 1 0
github.com/xenitab/terraform-provider-git/internal/framework/validators/validators.go:65.2,68.33 4 0
github.com/xenitab/terraform-provider-git/internal/framework/validators/validators.go:68.33,70.3 1 0
github.com/xenitab/terraform-provider-git/internal/framework/validators/validators.go:72.1,73.37 1 0
github.com/xenitab/terraform-provider-git/internal/framework/validators/validators.go:73.37,74.30 1 0
github.com/xenitab/terraform-provider-git/internal/framework/validators/validators.go:74.30,75.22 1 0
github.com/xenitab/terraform-provider-git/internal/framework/validators/validators.go:75.22,76.19 1 0
github.com/xenitab/terraform-provider-git/internal/framework/validators/validators.go:79.3,84.9 2 0
github.com/xenitab/terraform-provider-git/internal/framework/validators/validators.go:88.52,90.2 1 0
github.com/xenitab/terraform-provider-git/internal/framework/types/url.go:18.96,20.16 2 0
github.com/xenitab/terraform-provider-git/internal/framework/types/url.go:20.16,22.3 1 0
github.com/xenitab/terraform-provider-git/internal/framework/types/url.go:23.2,24.9 2 0
github.com/xenitab/terraform-provider-git/internal/framework/types/url.go:24.9,26.3 1 0
github.com/xenitab/terraform-provider-git/internal/framework/types/url.go:27.2,28.16 2 0
github.com/xenitab/terraform-provider-git/internal/framework/types/url.go:28.16,30.3 1 0
github.com/xenitab/terraform-provider-git/internal/framework/types/url.go:31.2,34.8 1 0
github.com/xenitab/terraform-provider-git/internal/framework/types/url.go:42.34,44.2 1 0
github.com/xenitab/terraform-provider-git/internal/framework/types/url.go:46.20,50.2 1 0
github.com/xenitab/terraform-provider-git/internal/framework/types/url.go:52.23,56.2 1 0
github.com/xenitab/terraform-provider-git/internal/framework/types/url.go:58.35,63.2 1 0
github.com/xenitab/terraform-provider-git/internal/provider/provider.go:44.35,45.38 1 0
github.com/xenitab/terraform-provider-git/internal/provider/provider.go:45.38,47.3 1 0
github.com/xenitab/terraform-provider-git/internal/provider/provider.go:48.2,48.35 1 0
github.com/xenitab/terraform-provider-git/internal/provider/provider.go:51.34,53.2 1 0
github.com/xenitab/terraform-provider-git/internal/provider/provider.go:55.32,56.35 1 0
github.com/xenitab/terraform-provider-git/internal/provider/provider.go:56.35,58.3 1 0
github.com/xenitab/terraform-provider-git/internal/provider/provider.go:59.2,59.32 1 0
github.com/xenitab/terraform-provider-git/internal/provider/provider.go:62.47,64.14 2 0
github.com/xenitab/terraform-provider-git/internal/provider/provider.go:64.14,69.3 1 0
github.com/xenitab/terraform-provider-git/internal/provider/provider.go:70.2,70.10 1 0
github.com/xenitab/terraform-provider-git/internal/provider/provider.go:79.116,82.2 2 0
github.com/xenitab/terraform-provider-git/internal/provider/provider.go:84.110,162.2 1 0
github.com/xenitab/terraform-provider-git/internal/provider/provider.go:164.119,167.33 3 0
github.com/xenitab/terraform-provider-git/internal/provider/provider.go:167.33,169.3 1 0
github.com/xenitab/terraform-provider-git/internal/provider/provider.go:170.2,177.3 1 0
github.com/xenitab/terraform-provider-git/internal/provider/provider.go:180.93,181.38 1 1
github.com/xenitab/terraform-provider-git/internal/provider/provider.go:181.38,183.3 1 1
github.com/xenitab/terraform-provider-git/internal/provider/provider.go:185.2,185.54 1 1
github.com/xenitab/terraform-provider-git/internal/provider/provider.go:188.81,192.2 1 0
github.com/xenitab/terraform-provider-git/internal/provider/provider.go:194.87,196.2 1 0
github.com/xenitab/terraform-provider-git/internal/provider/provider.go:198.51,199.34 1 0
github.com/xenitab/terraform-provider-git/internal/provider/provider.go:199.34,203.3 1 0
github.com/xenitab/terraform-provider-git/internal/provider/provider_resource_data.go:24.74,26.2 1 0
github.com/xenitab/terraform-provider-git/internal/provider/provider_resource_data.go:28.69,30.2 1 0
github.com/xenitab/terraform-provider-git/internal/provider/provider_resource_data.go:32.72,34.2 1 0
github.com/xenitab/terraform-provider-git/internal/provider/provider_resource_data.go:36.91,38.16 2 0
github.com/xenitab/terraform-provider-git/internal/provider/provider_resource_data.go:38.16,40.3 1 0
github.com/xenitab/terraform-provider-git/internal/provider/provider_resource_data.go:41.2,42.16 2 0
github.com/xenitab/terraform-provider-git/internal/provider/provider_resource_data.go:42.16,44.3 1 0
github.com/xenitab/terraform-provider-git/internal/provider/provider_resource_data.go:45.2,46.65 2 0
github.com/xenitab/terraform-provider-git/internal/provider/provider_resource_data.go:46.65,48.3 1 0
github.com/xenitab/terraform-provider-git/internal/provider/provider_resource_data.go:49.2,50.16 2 0
github.com/xenitab/terraform-provider-git/internal/provider/provider_resource_data.go:50.16,52.3 1 0
github.com/xenitab/terraform-provider-git/internal/provider/provider_resource_data.go:53.2,54.16 2 0
github.com/xenitab/terraform-provider-git/internal/provider/provider_resource_data.go:54.16,56.3 1 0
github.com/xenitab/terraform-provider-git/internal/provider/provider_resource_data.go:57.2,58.18 2 0
github.com/xenitab/terraform-provider-git/internal/provider/provider_resource_data.go:58.18,60.3 1 0
github.com/xenitab/terraform-provider-git/internal/provider/provider_resource_data.go:61.2,62.16 2 0
github.com/xenitab/terraform-provider-git/internal/provider/provider_resource_data.go:62.16,64.3 1 0
github.com/xenitab/terraform-provider-git/internal/provider/provider_resource_data.go:65.2,65.20 1 0
github.com/xenitab/terraform-provider-git/internal/provider/provider_resource_data.go:68.73,69.18 1 0
github.com/xenitab/terraform-provider-git/internal/provider/provider_resource_data.go:70.14,75.9 1 0
github.com/xenitab/terraform-provider-git/internal/provider/provider_resource_data.go:76.15,82.9 1 0
github.com/xenitab/terraform-provider-git/internal/provider/provider_resource_data.go:83.13,84.39 1 0
github.com/xenitab/terraform-provider-git/internal/provider/provider_resource_data.go:84.39,86.18 2 0
github.com/xenitab/terraform-provider-git/internal/provider/provider_resource_data.go:86.18,88.5 1 0
github.com/xenitab/terraform-provider-git/internal/provider/provider_resource_data.go:89.4,95.10 1 0
github.com/xenitab/terraform-provider-git/internal/provider/provider_resource_data.go:97.3,97.74 1 0
github.com/xenitab/terraform-provider-git/internal/provider/provider_resource_data.go:98.10,99.65 1 0
github.com/xenitab/terraform-provider-git/internal/provider/repository_file.go:40.52,42.2 1 0
github.com/xenitab/terraform-provider-git/internal/provider/repository_file.go:46.81,48.2 1 0
github.com/xenitab/terraform-provider-git/internal/provider/repository_file.go:50.89,52.2 1 0
github.com/xenitab/terraform-provider-git/internal/provider/repository_file.go:54.148,56.29 1 0
github.com/xenitab/terraform-provider-git/internal/provider/repository_file.go:56.29,59.3 2 0
github.com/xenitab/terraform-provider-git/internal/provider/repository_file.go:62.2,62.33 1 0
github.com/xenitab/terraform-provider-git/internal/provider/repository_file.go:62.33,65.3 2 0
github.com/xenitab/terraform-provider-git/internal/provider/repository_file.go:67.2,69.33 3 0
github.com/xenitab/terraform-provider-git/internal/provider/repository_file.go:69.33,71.3 1 0
github.com/xenitab/terraform-provider-git/internal/provider/repository_file.go:73.2,73.47 1 0
github.com/xenitab/terraform-provider-git/internal/provider/repository_file.go:73.47,74.45 1 0
github.com/xenitab/terraform-provider-git/internal/provider/repository_file.go:74.45,77.4 2 0
github.com/xenitab/terraform-provider-git/internal/provider/repository_file.go:81.61,83.2 1 0
github.com/xenitab/terraform-provider-git/internal/provider/repository_file.go:89.127,91.2 1 0
github.com/xenitab/terraform-provider-git/internal/provider/repository_file.go:93.121,124.2 1 0
github.com/xenitab/terraform-provider-git/internal/provider/repository_file.go:126.130,127.29 1 0
github.com/xenitab/terraform-provider-git/internal/provider/repository_file.go:127.29,129.3 1 0
github.com/xenitab/terraform-provider-git/internal/provider/repository_file.go:130.2,131.9 2 0
github.com/xenitab/terraform-provider-git/internal/provider/repository_file.go:131.9,137.3 2 0
github.com/xenitab/terraform-provider-git/internal/provider/repository_file.go:138.2,138.13 1 0
github.com/xenitab/terraform-provider-git/internal/provider/repository_file.go:141.121,144.33 3 0
github.com/xenitab/terraform-provider-git/internal/provider/repository_file.go:144.33,146.3 1 0
github.com/xenitab/terraform-provider-git/internal/provider/repository_file.go:148.2,150.33 3 0
github.com/xenitab/terraform-provider-git/internal/provider/repository_file.go:150.33,152.3 1 0
github.com/xenitab/terraform-provider-git/internal/provider/repository_file.go:153.2,164.73 4 0
github.com/xenitab/terraform-provider-git/internal/provider/repository_file.go:164.73,170.17 3 0
github.com/xenitab/terraform-provider-git/internal/provider/repository_file.go:170.17,172.4 1 0
github.com/xenitab/terraform-provider-git/internal/provider/repository_file.go:174.3,176.52 3 0
github.com/xenitab/terraform-provider-git/internal/provider/repository_file.go:176.52,178.4 1 0
github.com/xenitab/terraform-provider-git/internal/provider/repository_file.go:179.3,179.55 1 0
github.com/xenitab/terraform-provider-git/internal/provider/repository_file.go:179.55,181.4 1 0
github.com/xenitab/terraform-provider-git/internal/provider/repository_file.go:183.3,184.17 2 0
github.com/xenitab/terraform-provider-git/internal/provider/repository_file.go:184.17,186.4 1 0
github.com/xenitab/terraform-provider-git/internal/provider/repository_file.go:188.3,189.17 2 0
github.com/xenitab/terraform-provider-git/internal/provider/repository_file.go:189.17,191.4 1 0
github.com/xenitab/terraform-provider-git/internal/provider/repository_file.go:192.3,192.13 1 0
github.com/xenitab/terraform-provider-git/internal/provider/repository_file.go:195.2,195.16 1 0
github.com/xenitab/terraform-provider-git/internal/provider/repository_file.go:195.16,198.3 2 0
github.com/xenitab/terraform-provider-git/internal/provider/repository_file.go:200.2,201.56 2 0
github.com/xenitab/terraform-provider-git/internal/provider/repository_file.go:204.115,207.33 3 0
github.com/xenitab/terraform-provider-git/internal/provider/repository_file.go:207.33,209.3 1 0
github.com/xenitab/terraform-provider-git/internal/provider/repository_file.go:211.2,211.30 1 0
github.com/xenitab/terraform-provider-git/internal/provider/repository_file.go:211.30,216.3 4 0
github.com/xenitab/terraform-provider-git/internal/provider/repository_file.go:217.2,221.33 4 0
github.com/xenitab/terraform-provider-git/internal/provider/repository_file.go:221.33,223.3 1 0
github.com/xenitab/terraform-provider-git/internal/provider/repository_file.go:224.2,228.56 4 0
github.com/xenitab/terraform-provider-git/internal/provider/repository_file.go:231.121,234.33 3 0
github.com/xenitab/terraform-provider-git/internal/provider/repository_file.go:234.33,236.3 1 0
github.com/xenitab/terraform-provider-git/internal/provider/repository_file.go:238.2,240.33 3 0
github.com/xenitab/terraform-provider-git/internal/provider/repository_file.go:240.33,242.3 1 0
github.com/xenitab/terraform-provider-git/internal/provider/repository_file.go:244.2,255.73 4 0
github.com/xenitab/terraform-provider-git/internal/provider/repository_file.go:255.73,257.17 2 0
github.com/xenitab/terraform-provider-git/internal/provider/repository_file.go:257.17,259.4 1 0
github.com/xenitab/terraform-provider-git/internal/provider/repository_file.go:261.3,262.45 2 0
github.com/xenitab/terraform-provider-git/internal/provider/repository_file.go:262.45,264.4 1 0
github.com/xenitab/terraform-provider-git/internal/provider/repository_file.go:266.3,271.17 3 0
github.com/xenitab/terraform-provider-git/internal/provider/repository_file.go:271.17,273.4 1 0
github.com/xenitab/terraform-provider-git/internal/provider/repository_file.go:275.3,276.17 2 0
github.com/xenitab/terraform-provider-git/internal/provider/repository_file.go:276.17,278.4 1 0
github.com/xenitab/terraform-provider-git/internal/provider/repository_file.go:279.3,279.13 1 0
github.com/xenitab/terraform-provider-git/internal/provider/repository_file.go:282.2,282.16 1 0
github.com/xenitab/terraform-provider-git/internal/provider/repository_file.go:282.16,285.3 2 0
github.com/xenitab/terraform-provider-git/internal/provider/repository_file.go:287.2,287.56 1 0
github.com/xenitab/terraform-provider-git/internal/provider/repository_file.go:290.121,293.33 3 0
github.com/xenitab/terraform-provider-git/internal/provider/repository_file.go:293.33,295.3 1 0
github.com/xenitab/terraform-provider-git/internal/provider/repository_file.go:297.2,299.33 3 0
github.com/xenitab/terraform-provider-git/internal/provider/repository_file.go:299.33,301.3 1 0
github.com/xenitab/terraform-provider-git/internal/provider/repository_file.go:302.2,313.73 4 0
github.com/xenitab/terraform-provider-git/internal/provider/repository_file.go:313.73,315.17 2 0
github.com/xenitab/terraform-provider-git/internal/provider/repository_file.go:315.17,317.4 1 0
github.com/xenitab/terraform-provider-git/internal/provider/repository_file.go:319.3,320.45 2 0
github.com/xenitab/terraform-provider-git/internal/provider/repository_file.go:320.45,323.4 2 0
github.com/xenitab/terraform-provider-git/internal/provider/repository_file.go:325.3,326.17 2 0
github.com/xenitab/terraform-provider-git/internal/provider/repository_file.go:326.17,328.4 1 0
github.com/xenitab/terraform-provider-git/internal/provider/repository_file.go:330.3,331.17 2 0
github.com/xenitab/terraform-provider-git/internal/provider/repository_file.go:331.17,333.4 1 0
github.com/xenitab/terraform-provider-git/internal/provider/repository_file.go:335.3,336.17 2 0
github.com/xenitab/terraform-provider-git/internal/provider/repository_file.go:336.17,338.4 1 0
github.com/xenitab/terraform-provider-git/internal/provider/repository_file.go:339.3,339.13 1 0
github.com/xenitab/terraform-provider-git/internal/provider/repository_file.go:342.2,342.16 1 0
github.com/xenitab/terraform-provider-git/internal/provider/repository_file.go:342.16,345.3 2 0
github.com/xenitab/terraform-provider-git/internal/provider/repository_file.go:348.136,350.9 2 0
github.com/xenitab/terraform-provider-git/internal/provider/repository_file.go:350.9,352.3 1 0
github.com/xenitab/terraform-provider-git/internal/provider/repository_file.go:354.2,361.33 4 0
github.com/xenitab/terraform-provider-git/internal/provider/repository_file.go:361.33,363.3 1 0
github.com/xenitab/terraform-provider-git/internal/provider/repository_file.go:364.2,368.33 4 0
github.com/xenitab/terraform-provider-git/internal/provider/repository_file.go:368.33,370.3 1 0
github.com/xenitab/terraform-provider-git/internal/provider/repository_file.go:372.2,379.35 8 0
github.com/xenitab/terraform-provider-git/internal/provider/repository_file.go:382.124,384.16 2 0
github.com/xenitab/terraform-provider-git/internal/provider/repository_file.go:384.16,387.3 2 0
github.com/xenitab/terraform-provider-git/internal/provider/repository_file.go:389.2,390.46 2 0
github.com/xenitab/terraform-provider-git/internal/provider/repository_file.go:390.46,393.3 2 0
github.com/xenitab/terraform-provider-git/internal/provider/repository_file.go:395.2,396.16 2 0
github.com/xenitab/terraform-provider-git/internal/provider/repository_file.go:396.16,399.3 2 0
github.com/xenitab/terraform-provider-git/internal/provider/repository_file.go:401.2,402.45 2 0
github.com/xenitab/terraform-provider-git/internal/provider/repository_file.go:405.44,407.24 2 0
github.com/xenitab/terraform-provider-git/internal/provider/repository_file.go:407.24,409.3 1 0
github.com/xenitab/terraform-provider-git/internal/provider/repository_file.go:410.2,410.18 1 0
github.com/xenitab/terraform-provider-git/internal/provider/repository_file.go:410.18,412.3 1 0
github.com/xenitab/terraform-provider-git/internal/provider/repository_file.go:413.2,413.18 1 0
