mode: set
github.com/xenitab/terraform-provider-git/main.go:16.13,21.16 3 0
github.com/xenitab/terraform-provider-git/main.go:21.16,23.3 1 0
github.com/xenitab/terraform-provider-git/internal/framework/validators/validators.go:15.69,17.2 1 0
github.com/xenitab/terraform-provider-git/internal/framework/validators/validators.go:19.77,21.2 1 0
github.com/xenitab/terraform-provider-git/internal/framework/validators/validators.go:23.126,24.61 1 0
github.com/xenitab/terraform-provider-git/internal/framework/validators/validators.go:24.61,26.3 1 0
github.com/xenitab/terraform-provider-git/internal/framework/validators/validators.go:27.2,28.16 2 0
github.com/xenitab/terraform-provider-git/internal/framework/validators/validators.go:28.16,31.3 2 0
github.com/xenitab/terraform-provider-git/internal/framework/validators/validators.go:32.2,32.30 1 0
github.com/xenitab/terraform-provider-git/internal/framework/validators/validators.go:32.30,33.20 1 0
github.com/xenitab/terraform-provider-git/internal/framework/validators/validators.go:33.20,35.4 1 0
github.com/xenitab/terraform-provider-git/internal/framework/validators/validators.go:37.2,41.3 1 0
github.com/xenitab/terraform-provider-git/internal/framework/validators/validators.go:44.52,46.2 1 0
github.com/xenitab/terraform-provider-git/internal/framework/validators/validators.go:52.71,54.2 1 0
github.com/xenitab/terraform-provider-git/internal/framework/validators/validators.go:56.79,58.2 1 0
github.com/xenitab/terraform-provider-git/internal/framework/validators/validators.go:60.119,61.61 1 0
github.com/xenitab/terraform-provider-git/internal/framework/validators/validators.go:61.61,63.3 1 0
github.com/xenitab/terraform-provider-git/internal/framework/validators/validators.go:65.2,68.33 4 0
github.com/xenitab/terraform-provider-git/internal/framework/validators/validators.go:68.33,70.3 1 0
github.com/xenitab/terraform-provider-git/internal/framework/validators/validators.go:72.1,73.37 1 0
github.com/xenitab/terraform-provider-git/internal/framework/validators/validators.go:73.37,74.30 1 0
github.com/xenitab/terraform-provider-git/internal/framework/validators/validators.go:74.30,75.22 1 0
github.com/xenitab/terraform-provider-git/internal/framework/validators/validators.go:75.22,76.19 1 0
github.com/xenitab/terraform-provider-git/internal/framework/validators/validators.go:79.3,84.9 2 0
github.com/xenitab/terraform-provider-git/internal/framework/validators/validators.go:88.52,90.2 1 0
github.com/xenitab/terraform-provider-git/internal/framework/types/url.go:18.96,20.16 2 0
github.com/xenitab/terraform-provider-git/internal/framework/types/url.go:20.16,22.3 1 0
github.com/xenitab/terraform-provider-git/internal/framework/types/url.go:23.2,24.9 2 0
github.com/xenitab/terraform-provider-git/internal/framework/types/url.go:24.9,26.3 1 0
github.com/xenitab/terraform-provider-git/internal/framework/types/url.go:27.2,28.16 2 0
github.com/xenitab/terraform-provider-git/internal/framework/types/url.go:28.16,30.3 1 0
github.com/xenitab/terraform-provider-git/internal/framework/types/url.go:31.2,34.8 1 0
github.com/xenitab/terraform-provider-git/internal/framework/types/url.go:42.34,44.2 1 0
github.com/xenitab/terraform-provider-git/internal/framework/types/url.go:46.20,50.2 1 0
github.com/xenitab/terraform-provider-git/internal/framework/types/url.go:52.23,56.2 1 0
github.com/xenitab/terraform-provider-git/internal/framework/types/url.go:58.35,63.2 1 0
github.com/xenitab/terraform-provider-git/internal/provider/provider.go:46.35,47.38 1 0
github.com/xenitab/terraform-provider-git/internal/provider/provider.go:47.38,49.3 1 0
github.com/xenitab/terraform-provider-git/internal/provider/provider.go:50.2,50.35 1 0
github.com/xenitab/terraform-provider-git/internal/provider/provider.go:53.34,55.2 1 0
github.com/xenitab/terraform-provider-git/internal/provider/provider.go:57.32,58.35 1 0
github.com/xenitab/terraform-provider-git/internal/provider/provider.go:58.35,60.3 1 0
github.com/xenitab/terraform-provider-git/internal/provider/provider.go:61.2,61.32 1 0
github.com/xenitab/terraform-provider-git/internal/provider/provider.go:64.47,66.14 2 0
github.com/xenitab/terraform-provider-git/internal/provider/provider.go:66.14,71.3 1 0
github.com/xenitab/terraform-provider-git/internal/provider/provider.go:72.2,72.10 1 0
github.com/xenitab/terraform-provider-git/internal/provider/provider.go:78.48,81.2 2 1
github.com/xenitab/terraform-provider-git/internal/provider/provider.go:86.79,87.37 1 1
github.com/xenitab/terraform-provider-git/internal/provider/provider.go:87.37,89.3 1 1
github.com/xenitab/terraform-provider-git/internal/provider/provider.go:90.2,90.15 1 1
github.com/xenitab/terraform-provider-git/internal/provider/provider.go:99.116,102.2 2 0
github.com/xenitab/terraform-provider-git/internal/provider/provider.go:104.110,186.2 1 0
github.com/xenitab/terraform-provider-git/internal/provider/provider.go:188.119,191.33 3 0
github.com/xenitab/terraform-provider-git/internal/provider/provider.go:191.33,193.3 1 0
github.com/xenitab/terraform-provider-git/internal/provider/provider.go:195.2,207.3 3 0
github.com/xenitab/terraform-provider-git/internal/provider/provider.go:210.81,214.2 1 0
github.com/xenitab/terraform-provider-git/internal/provider/provider.go:216.87,218.2 1 0
github.com/xenitab/terraform-provider-git/internal/provider/provider.go:220.51,221.34 1 0
github.com/xenitab/terraform-provider-git/internal/provider/provider.go:221.34,225.3 1 0
github.com/xenitab/terraform-provider-git/internal/provider/provider_resource_data.go:26.74,28.2 1 0
github.com/xenitab/terraform-provider-git/internal/provider/provider_resource_data.go:30.69,32.2 1 0
github.com/xenitab/terraform-provider-git/internal/provider/provider_resource_data.go:34.72,36.2 1 0
github.com/xenitab/terraform-provider-git/internal/provider/provider_resource_data.go:38.91,40.16 2 0
github.com/xenitab/terraform-provider-git/internal/provider/provider_resource_data.go:40.16,42.3 1 0
github.com/xenitab/terraform-provider-git/internal/provider/provider_resource_data.go:43.2,44.16 2 0
github.com/xenitab/terraform-provider-git/internal/provider/provider_resource_data.go:44.16,46.3 1 0
github.com/xenitab/terraform-provider-git/internal/provider/provider_resource_data.go:47.2,48.65 2 0
github.com/xenitab/terraform-provider-git/internal/provider/provider_resource_data.go:48.65,50.3 1 0
github.com/xenitab/terraform-provider-git/internal/provider/provider_resource_data.go:51.2,52.16 2 0
github.com/xenitab/terraform-provider-git/internal/provider/provider_resource_data.go:52.16,54.3 1 0
github.com/xenitab/terraform-provider-git/internal/provider/provider_resource_data.go:55.2,56.16 2 0
github.com/xenitab/terraform-provider-git/internal/provider/provider_resource_data.go:56.16,58.3 1 0
github.com/xenitab/terraform-provider-git/internal/provider/provider_resource_data.go:63.2,64.26 2 0
github.com/xenitab/terraform-provider-git/internal/provider/provider_resource_data.go:64.26,66.3 1 0
github.com/xenitab/terraform-provider-git/internal/provider/provider_resource_data.go:67.2,67.26 1 0
github.com/xenitab/terraform-provider-git/internal/provider/provider_resource_data.go:67.26,69.3 1 0
github.com/xenitab/terraform-provider-git/internal/provider/provider_resource_data.go:71.2,72.16 2 0
github.com/xenitab/terraform-provider-git/internal/provider/provider_resource_data.go:72.16,74.3 1 0
github.com/xenitab/terraform-provider-git/internal/provider/provider_resource_data.go:76.2,76.46 1 0
github.com/xenitab/terraform-provider-git/internal/provider/provider_resource_data.go:76.46,77.62 1 0
github.com/xenitab/terraform-provider-git/internal/provider/provider_resource_data.go:77.62,79.4 1 0
github.com/xenitab/terraform-provider-git/internal/provider/provider_resource_data.go:82.2,82.20 1 0
github.com/xenitab/terraform-provider-git/internal/provider/provider_resource_data.go:85.73,86.18 1 0
github.com/xenitab/terraform-provider-git/internal/provider/provider_resource_data.go:87.14,92.9 1 0
github.com/xenitab/terraform-provider-git/internal/provider/provider_resource_data.go:93.15,99.9 1 0
github.com/xenitab/terraform-provider-git/internal/provider/provider_resource_data.go:100.13,101.39 1 0
github.com/xenitab/terraform-provider-git/internal/provider/provider_resource_data.go:101.39,103.18 2 0
github.com/xenitab/terraform-provider-git/internal/provider/provider_resource_data.go:103.18,105.5 1 0
github.com/xenitab/terraform-provider-git/internal/provider/provider_resource_data.go:106.4,112.10 1 0
github.com/xenitab/terraform-provider-git/internal/provider/provider_resource_data.go:114.3,114.74 1 0
github.com/xenitab/terraform-provider-git/internal/provider/provider_resource_data.go:115.10,116.65 1 0
github.com/xenitab/terraform-provider-git/internal/provider/repository_file.go:40.52,42.2 1 0
github.com/xenitab/terraform-provider-git/internal/provider/repository_file.go:46.81,48.2 1 0
github.com/xenitab/terraform-provider-git/internal/provider/repository_file.go:50.89,52.2 1 0
github.com/xenitab/terraform-provider-git/internal/provider/repository_file.go:54.148,56.29 1 0
github.com/xenitab/terraform-provider-git/internal/provider/repository_file.go:56.29,59.3 2 0
github.com/xenitab/terraform-provider-git/internal/provider/repository_file.go:62.2,62.33 1 0
github.com/xenitab/terraform-provider-git/internal/provider/repository_file.go:62.33,65.3 2 0
github.com/xenitab/terraform-provider-git/internal/provider/repository_file.go:67.2,69.33 3 0
github.com/xenitab/terraform-provider-git/internal/provider/repository_file.go:69.33,71.3 1 0
github.com/xenitab/terraform-provider-git/internal/provider/repository_file.go:73.2,73.47 1 0
github.com/xenitab/terraform-provider-git/internal/provider/repository_file.go:73.47,74.45 1 0
github.com/xenitab/terraform-provider-git/internal/provider/repository_file.go:74.45,77.4 2 0
github.com/xenitab/terraform-provider-git/internal/provider/repository_file.go:81.61,83.2 1 0
github.com/xenitab/terraform-provider-git/internal/provider/repository_file.go:89.127,91.2 1 0
github.com/xenitab/terraform-provider-git/internal/provider/repository_file.go:93.121,124.2 1 0
github.com/xenitab/terraform-provider-git/internal/provider/repository_file.go:126.130,127.29 1 0
github.com/xenitab/terraform-provider-git/internal/provider/repository_file.go:127.29,129.3 1 0
github.com/xenitab/terraform-provider-git/internal/provider/repository_file.go:130.2,131.9 2 0
github.com/xenitab/terraform-provider-git/internal/provider/repository_file.go:131.9,137.3 2 0
github.com/xenitab/terraform-provider-git/internal/provider/repository_file.go:138.2,138.13 1 0
github.com/xenitab/terraform-provider-git/internal/provider/repository_file.go:141.121,144.33 3 0
github.com/xenitab/terraform-provider-git/internal/provider/repository_file.go:144.33,146.3 1 0
github.com/xenitab/terraform-provider-git/internal/provider/repository_file.go:148.2,150.33 3 0
github.com/xenitab/terraform-provider-git/internal/provider/repository_file.go:150.33,152.3 1 0
github.com/xenitab/terraform-provider-git/internal/provider/repository_file.go:153.2,164.73 4 0
github.com/xenitab/terraform-provider-git/internal/provider/repository_file.go:164.73,170.17 3 0
github.com/xenitab/terraform-provider-git/internal/provider/repository_file.go:170.17,172.4 1 0
github.com/xenitab/terraform-provider-git/internal/provider/repository_file.go:174.3,176.52 3 0
github.com/xenitab/terraform-provider-git/internal/provider/repository_file.go:176.52,178.4 1 0
github.com/xenitab/terraform-provider-git/internal/provider/repository_file.go:179.3,179.55 1 0
github.com/xenitab/terraform-provider-git/internal/provider/repository_file.go:179.55,181.4 1 0
github.com/xenitab/terraform-provider-git/internal/provider/repository_file.go:183.3,184.17 2 0
github.com/xenitab/terraform-provider-git/internal/provider/repository_file.go:184.17,186.4 1 0
github.com/xenitab/terraform-provider-git/internal/provider/repository_file.go:188.3,189.17 2 0
github.com/xenitab/terraform-provider-git/internal/provider/repository_file.go:189.17,191.4 1 0
github.com/xenitab/terraform-provider-git/internal/provider/repository_file.go:192.3,192.13 1 0
github.com/xenitab/terraform-provider-git/internal/provider/repository_file.go:195.2,195.16 1 0
github.com/xenitab/terraform-provider-git/internal/provider/repository_file.go:195.16,198.3 2 0
github.com/xenitab/terraform-provider-git/internal/provider/repository_file.go:200.2,201.56 2 0
github.com/xenitab/terraform-provider-git/internal/provider/repository_file.go:204.115,207.33 3 0
github.com/xenitab/terraform-provider-git/internal/provider/repository_file.go:207.33,209.3 1 0
github.com/xenitab/terraform-provider-git/internal/provider/repository_file.go:211.2,211.30 1 0
github.com/xenitab/terraform-provider-git/internal/provider/repository_file.go:211.30,216.3 4 0
github.com/xenitab/terraform-provider-git/internal/provider/repository_file.go:217.2,221.33 4 0
github.com/xenitab/terraform-provider-git/internal/provider/repository_file.go:221.33,223.3 1 0
github.com/xenitab/terraform-provider-git/internal/provider/repository_file.go:224.2,228.56 4 0
github.com/xenitab/terraform-provider-git/internal/provider/repository_file.go:231.121,234.33 3 0
github.com/xenitab/terraform-provider-git/internal/provider/repository_file.go:234.33,236.3 1 0
github.com/xenitab/terraform-provider-git/internal/provider/repository_file.go:238.2,240.33 3 0
github.com/xenitab/terraform-provider-git/internal/provider/repository_file.go:240.33,242.3 1 0
github.com/xenitab/terraform-provider-git/internal/provider/repository_file.go:244.2,255.73 4 0
github.com/xenitab/terraform-provider-git/internal/provider/repository_file.go:255.73,257.17 2 0
github.com/xenitab/terraform-provider-git/internal/provider/repository_file.go:257.17,259.4 1 0
github.com/xenitab/terraform-provider-git/internal/provider/repository_file.go:261.3,262.45 2 0
github.com/xenitab/terraform-provider-git/internal/provider/repository_file.go:262.45,264.4 1 0
github.com/xenitab/terraform-provider-git/internal/provider/repository_file.go:266.3,271.17 3 0
github.com/xenitab/terraform-provider-git/internal/provider/repository_file.go:271.17,273.4 1 0
github.com/xenitab/terraform-provider-git/internal/provider/repository_file.go:275.3,276.17 2 0
github.com/xenitab/terraform-provider-git/internal/provider/repository_file.go:276.17,278.4 1 0
github.com/xenitab/terraform-provider-git/internal/provider/repository_file.go:279.3,279.13 1 0
github.com/xenitab/terraform-provider-git/internal/provider/repository_file.go:282.2,282.16 1 0
github.com/xenitab/terraform-provider-git/internal/provider/repository_file.go:282.16,285.3 2 0
github.com/xenitab/terraform-provider-git/internal/provider/repository_file.go:287.2,287.56 1 0
github.com/xenitab/terraform-provider-git/internal/provider/repository_file.go:290.121,293.33 3 0
github.com/xenitab/terraform-provider-git/internal/provider/repository_file.go:293.33,295.3 1 0
github.com/xenitab/terraform-provider-git/internal/provider/repository_file.go:297.2,299.33 3 0
github.com/xenitab/terraform-provider-git/internal/provider/repository_file.go:299.33,301.3 1 0
github.com/xenitab/terraform-provider-git/internal/provider/repository_file.go:302.2,313.73 4 0
github.com/xenitab/terraform-provider-git/internal/provider/repository_file.go:313.73,315.17 2 0
github.com/xenitab/terraform-provider-git/internal/provider/repository_file.go:315.17,317.4 1 0
github.com/xenitab/terraform-provider-git/internal/provider/repository_file.go:319.3,320.45 2 0
github.com/xenitab/terraform-provider-git/internal/provider/repository_file.go:320.45,323.4 2 0
github.com/xenitab/terraform-provider-git/internal/provider/repository_file.go:325.3,326.17 2 0
github.com/xenitab/terraform-provider-git/internal/provider/repository_file.go:326.17,328.4 1 0
github.com/xenitab/terraform-provider-git/internal/provider/repository_file.go:330.3,331.17 2 0
github.com/xenitab/terraform-provider-git/internal/provider/repository_file.go:331.17,333.4 1 0
github.com/xenitab/terraform-provider-git/internal/provider/repository_file.go:335.3,336.17 2 0
github.com/xenitab/terraform-provider-git/internal/provider/repository_file.go:336.17,338.4 1 0
github.com/xenitab/terraform-provider-git/internal/provider/repository_file.go:339.3,339.13 1 0
github.com/xenitab/terraform-provider-git/internal/provider/repository_file.go:342.2,342.16 1 0
github.com/xenitab/terraform-provider-git/internal/provider/repository_file.go:342.16,345.3 2 0
github.com/xenitab/terraform-provider-git/internal/provider/repository_file.go:348.136,350.9 2 0
github.com/xenitab/terraform-provider-git/internal/provider/repository_file.go:350.9,352.3 1 0
github.com/xenitab/terraform-provider-git/internal/provider/repository_file.go:354.2,361.33 4 0
github.com/xenitab/terraform-provider-git/internal/provider/repository_file.go:361.33,363.3 1 0
github.com/xenitab/terraform-provider-git/internal/provider/repository_file.go:364.2,368.33 4 0
github.com/xenitab/terraform-provider-git/internal/provider/repository_file.go:368.33,370.3 1 0
github.com/xenitab/terraform-provider-git/internal/provider/repository_file.go:372.2,379.35 8 0
github.com/xenitab/terraform-provider-git/internal/provider/repository_file.go:382.124,384.16 2 0
github.com/xenitab/terraform-provider-git/internal/provider/repository_file.go:384.16,387.3 2 0
github.com/xenitab/terraform-provider-git/internal/provider/repository_file.go:389.2,390.46 2 0
github.com/xenitab/terraform-provider-git/internal/provider/repository_file.go:390.46,393.3 2 0
github.com/xenitab/terraform-provider-git/internal/provider/repository_file.go:395.2,396.16 2 0
github.com/xenitab/terraform-provider-git/internal/provider/repository_file.go:396.16,399.3 2 0
github.com/xenitab/terraform-provider-git/internal/provider/repository_file.go:401.2,402.45 2 0
github.com/xenitab/terraform-provider-git/internal/provider/repository_file.go:405.44,407.24 2 0
github.com/xenitab/terraform-provider-git/internal/provider/repository_file.go:407.24,409.3 1 0
github.com/xenitab/terraform-provider-git/internal/provider/repository_file.go:410.2,410.18 1 0
github.com/xenitab/terraform-provider-git/internal/provider/repository_file.go:410.18,412.3 1 0
github.com/xenitab/terraform-provider-git/internal/provider/repository_file.go:413.2,413.18 1 0
